  [1m[35m (283.2ms)[0m  [1m[35mCREATE DATABASE "controllers_project_development" ENCODING = 'unicode'[0m
  ↳ bin/rails:9
  [1m[35m (120.0ms)[0m  [1m[35mCREATE DATABASE "controllers_project_test" ENCODING = 'unicode'[0m
  ↳ bin/rails:9
Started GET "/" for 127.0.0.1 at 2020-03-19 14:40:38 -0700
Processing by Rails::WelcomeController#index as HTML
  Rendering /Users/tzvilewis/.rbenv/versions/2.5.1/lib/ruby/gems/2.5.0/gems/railties-5.2.4.2/lib/rails/templates/rails/welcome/index.html.erb
  Rendered /Users/tzvilewis/.rbenv/versions/2.5.1/lib/ruby/gems/2.5.0/gems/railties-5.2.4.2/lib/rails/templates/rails/welcome/index.html.erb (3.8ms)
Completed 200 OK in 27ms (Views: 15.2ms | ActiveRecord: 0.0ms)


Started GET "/users" for ::1 at 2020-03-19 14:54:56 -0700
  
ActionController::RoutingError (No route matches [GET] "/users"):
  
actionpack (5.2.4.2) lib/action_dispatch/middleware/debug_exceptions.rb:65:in `call'
web-console (3.7.0) lib/web_console/middleware.rb:135:in `call_app'
web-console (3.7.0) lib/web_console/middleware.rb:30:in `block in call'
web-console (3.7.0) lib/web_console/middleware.rb:20:in `catch'
web-console (3.7.0) lib/web_console/middleware.rb:20:in `call'
actionpack (5.2.4.2) lib/action_dispatch/middleware/show_exceptions.rb:33:in `call'
railties (5.2.4.2) lib/rails/rack/logger.rb:38:in `call_app'
railties (5.2.4.2) lib/rails/rack/logger.rb:26:in `block in call'
activesupport (5.2.4.2) lib/active_support/tagged_logging.rb:71:in `block in tagged'
activesupport (5.2.4.2) lib/active_support/tagged_logging.rb:28:in `tagged'
activesupport (5.2.4.2) lib/active_support/tagged_logging.rb:71:in `tagged'
railties (5.2.4.2) lib/rails/rack/logger.rb:26:in `call'
sprockets-rails (3.2.1) lib/sprockets/rails/quiet_assets.rb:13:in `call'
actionpack (5.2.4.2) lib/action_dispatch/middleware/remote_ip.rb:81:in `call'
actionpack (5.2.4.2) lib/action_dispatch/middleware/request_id.rb:27:in `call'
rack (2.2.2) lib/rack/method_override.rb:24:in `call'
rack (2.2.2) lib/rack/runtime.rb:22:in `call'
activesupport (5.2.4.2) lib/active_support/cache/strategy/local_cache_middleware.rb:29:in `call'
actionpack (5.2.4.2) lib/action_dispatch/middleware/executor.rb:14:in `call'
actionpack (5.2.4.2) lib/action_dispatch/middleware/static.rb:127:in `call'
rack (2.2.2) lib/rack/sendfile.rb:110:in `call'
railties (5.2.4.2) lib/rails/engine.rb:524:in `call'
puma (3.12.4) lib/puma/configuration.rb:227:in `call'
puma (3.12.4) lib/puma/server.rb:675:in `handle_request'
puma (3.12.4) lib/puma/server.rb:476:in `process_client'
puma (3.12.4) lib/puma/server.rb:334:in `block in run'
puma (3.12.4) lib/puma/thread_pool.rb:135:in `block in spawn_thread'
Started GET "/users" for ::1 at 2020-03-19 14:55:35 -0700

AbstractController::ActionNotFound - The action 'index' could not be found for UsersController:

Started GET "/users" for ::1 at 2020-03-19 14:57:23 -0700
Processing by UsersController#index as */*
No template found for UsersController#index, rendering head :no_content
Completed 204 No Content in 1617ms (ActiveRecord: 0.0ms)


Started GET "/users" for ::1 at 2020-03-19 14:58:33 -0700
Processing by UsersController#index as HTML
Completed 406 Not Acceptable in 346ms (ActiveRecord: 0.0ms)



ActionController::UnknownFormat - UsersController#index is missing a template for this request format and variant.

request.formats: ["text/html"]
request.variant: []

NOTE! For XHR/Ajax or API requests, this action would normally respond with 204 No Content: an empty white screen. Since you're loading it in a web browser, we assume that you expected to actually render a template, not nothing, so we're showing an error to be extra-clear. If you expect 204 No Content, carry on. That's what you'll get from an XHR or API request. Give it a shot.:

Started POST "/__better_errors/0f73c6df1eef5445/variables" for ::1 at 2020-03-19 14:58:34 -0700
Started GET "/users" for ::1 at 2020-03-19 15:01:01 -0700
Processing by UsersController#index as */*
  Rendering text template
  Rendered text template (0.0ms)
Completed 200 OK in 8ms (Views: 7.1ms | ActiveRecord: 0.0ms)


Started GET "/users?fave_food=pizza" for ::1 at 2020-03-19 15:04:55 -0700
Processing by UsersController#index as */*
  Parameters: {"fave_food"=>"pizza"}
  Rendering text template
  Rendered text template (0.1ms)
Completed 200 OK in 3ms (Views: 2.1ms | ActiveRecord: 0.0ms)


Started GET "/users?something=random" for ::1 at 2020-03-19 15:05:31 -0700
Processing by UsersController#index as */*
  Parameters: {"something"=>"random"}
  Rendering text template
  Rendered text template (0.0ms)
Completed 200 OK in 2ms (Views: 0.8ms | ActiveRecord: 0.0ms)


Started GET "/users?something=random&fave=food" for ::1 at 2020-03-19 15:06:19 -0700
Processing by UsersController#index as */*
  Parameters: {"something"=>"random", "fave"=>"food"}
  Rendering text template
  Rendered text template (0.0ms)
Completed 200 OK in 2ms (Views: 1.4ms | ActiveRecord: 0.0ms)


Started POST "/users" for ::1 at 2020-03-19 15:11:23 -0700

AbstractController::ActionNotFound - The action 'create' could not be found for UsersController:

Started POST "/users" for ::1 at 2020-03-19 15:17:14 -0700
Processing by UsersController#create as */*
  Parameters: {"YellowBrick"=>"Road", "Sunny"=>"Day"}
Completed 200 OK in 1ms (Views: 0.6ms | ActiveRecord: 0.0ms)


Started GET "/users/2" for ::1 at 2020-03-19 15:23:51 -0700

AbstractController::ActionNotFound - The action 'show' could not be found for UsersController:

Started GET "/users/2" for ::1 at 2020-03-19 15:25:37 -0700
Processing by UsersController#show as */*
  Parameters: {"YellowBrick"=>"Road", "Sunny"=>"Day", "id"=>"2"}
Completed 200 OK in 4ms (Views: 1.8ms | ActiveRecord: 0.0ms)


Started GET "/users/2?hash[small_key]=[big%20lock]&door=window&hash[small_key][smaller_key]=castle" for ::1 at 2020-03-19 15:35:08 -0700

Rack::QueryParser::ParameterTypeError - expected Hash (got String) for param `small_key':

Started GET "/users/2?hash[small_key]=big%20lock&door=window&hash[small_key][smaller_key]=castle" for ::1 at 2020-03-19 15:35:49 -0700

Rack::QueryParser::ParameterTypeError - expected Hash (got String) for param `small_key':

Started GET "/users/2?hash[small_key]=big%20lock&door=window&hash[small_key]=castle" for ::1 at 2020-03-19 15:36:03 -0700
Processing by UsersController#show as */*
  Parameters: {"YellowBrick"=>"Road", "Sunny"=>"Day", "hash"=>{"small_key"=>"castle"}, "door"=>"window", "id"=>"2"}
Completed 200 OK in 1ms (Views: 0.3ms | ActiveRecord: 0.0ms)


Started GET "/users/2?hash[small_key]=big%20lock&door=window&hash[other_key]=castle" for ::1 at 2020-03-19 15:36:32 -0700
Processing by UsersController#show as */*
  Parameters: {"YellowBrick"=>"Road", "Sunny"=>"Day", "hash"=>{"small_key"=>"big lock", "other_key"=>"castle"}, "door"=>"window", "id"=>"2"}
Completed 200 OK in 2ms (Views: 0.7ms | ActiveRecord: 0.0ms)


Started GET "/users/2?hash[small_key]=big%20lock&door=window&hash[other_key][KEY]=castle" for ::1 at 2020-03-19 15:37:40 -0700
Processing by UsersController#show as */*
  Parameters: {"YellowBrick"=>"Road", "Sunny"=>"Day", "hash"=>{"small_key"=>"big lock", "other_key"=>{"KEY"=>"castle"}}, "door"=>"window", "id"=>"2"}
Completed 200 OK in 1ms (Views: 0.3ms | ActiveRecord: 0.0ms)


Started GET "/users/2?hash[small_key]=big%20lock&door=window&hash[other_key][KEY]=castle&hash[other_key][KEY2]=car" for ::1 at 2020-03-19 15:38:07 -0700
Processing by UsersController#show as */*
  Parameters: {"YellowBrick"=>"Road", "Sunny"=>"Day", "hash"=>{"small_key"=>"big lock", "other_key"=>{"KEY"=>"castle", "KEY2"=>"car"}}, "door"=>"window", "id"=>"2"}
Completed 200 OK in 1ms (Views: 0.3ms | ActiveRecord: 0.0ms)


Started GET "/users/2?hash[small_key]=big%20lock&hash[other_key][KEY]=castle&door=window&hash[other_key][KEY2]=car" for ::1 at 2020-03-19 15:39:45 -0700
Processing by UsersController#show as */*
  Parameters: {"YellowBrick"=>"Road", "Sunny"=>"Day", "hash"=>{"small_key"=>"big lock", "other_key"=>{"KEY"=>"castle", "KEY2"=>"car"}}, "door"=>"window", "id"=>"2"}
Completed 200 OK in 2ms (Views: 1.1ms | ActiveRecord: 0.0ms)


Started GET "/users/2?hash[key1]=lock&hash[small_key]=big%20lock&hash[other_key][KEY]=castle&door=window&hash[other_key][KEY2]=car" for ::1 at 2020-03-19 15:39:52 -0700
Processing by UsersController#show as */*
  Parameters: {"YellowBrick"=>"Road", "Sunny"=>"Day", "hash"=>{"key1"=>"lock", "small_key"=>"big lock", "other_key"=>{"KEY"=>"castle", "KEY2"=>"car"}}, "door"=>"window", "id"=>"2"}
Completed 200 OK in 1ms (Views: 0.7ms | ActiveRecord: 0.0ms)


  [1m[35m (54.2ms)[0m  [1m[35mCREATE TABLE "schema_migrations" ("version" character varying NOT NULL PRIMARY KEY)[0m
  ↳ bin/rails:9
  [1m[35m (5.7ms)[0m  [1m[35mCREATE TABLE "ar_internal_metadata" ("key" character varying NOT NULL PRIMARY KEY, "value" character varying, "created_at" timestamp NOT NULL, "updated_at" timestamp NOT NULL)[0m
  ↳ bin/rails:9
  [1m[35m (2.1ms)[0m  [1m[34mSELECT pg_try_advisory_lock(2557850323860577200)[0m
  ↳ bin/rails:9
  [1m[35m (1.5ms)[0m  [1m[34mSELECT "schema_migrations"."version" FROM "schema_migrations" ORDER BY "schema_migrations"."version" ASC[0m
  ↳ bin/rails:9
Migrating to CreateUsers (20200319233109)
  [1m[35m (0.5ms)[0m  [1m[35mBEGIN[0m
  ↳ bin/rails:9
  [1m[35m (0.8ms)[0m  [1m[31mROLLBACK[0m
  ↳ bin/rails:9
  [1m[35m (0.3ms)[0m  [1m[34mSELECT pg_advisory_unlock(2557850323860577200)[0m
  ↳ bin/rails:9
  [1m[35m (0.3ms)[0m  [1m[34mSELECT pg_try_advisory_lock(2557850323860577200)[0m
  ↳ bin/rails:9
  [1m[35m (1.2ms)[0m  [1m[34mSELECT "schema_migrations"."version" FROM "schema_migrations" ORDER BY "schema_migrations"."version" ASC[0m
  ↳ bin/rails:9
Migrating to CreateUsers (20200319233109)
  [1m[35m (0.1ms)[0m  [1m[35mBEGIN[0m
  ↳ bin/rails:9
  [1m[35m (0.2ms)[0m  [1m[31mROLLBACK[0m
  ↳ bin/rails:9
  [1m[35m (2.2ms)[0m  [1m[34mSELECT pg_advisory_unlock(2557850323860577200)[0m
  ↳ bin/rails:9
  [1m[35m (0.3ms)[0m  [1m[34mSELECT pg_try_advisory_lock(2557850323860577200)[0m
  ↳ bin/rails:9
  [1m[35m (2.4ms)[0m  [1m[34mSELECT "schema_migrations"."version" FROM "schema_migrations" ORDER BY "schema_migrations"."version" ASC[0m
  ↳ bin/rails:9
Migrating to CreateUsers (20200319233109)
  [1m[35m (0.3ms)[0m  [1m[34mSELECT pg_advisory_unlock(2557850323860577200)[0m
  ↳ bin/rails:9
  [1m[35m (0.4ms)[0m  [1m[34mSELECT pg_try_advisory_lock(2557850323860577200)[0m
  ↳ bin/rails:9
  [1m[35m (1.0ms)[0m  [1m[34mSELECT "schema_migrations"."version" FROM "schema_migrations" ORDER BY "schema_migrations"."version" ASC[0m
  ↳ bin/rails:9
Migrating to CreateUsers (20200319233109)
  [1m[35m (0.2ms)[0m  [1m[35mBEGIN[0m
  ↳ bin/rails:9
  [1m[35m (0.2ms)[0m  [1m[31mROLLBACK[0m
  ↳ bin/rails:9
  [1m[35m (0.6ms)[0m  [1m[34mSELECT pg_advisory_unlock(2557850323860577200)[0m
  ↳ bin/rails:9
  [1m[35m (0.3ms)[0m  [1m[34mSELECT pg_try_advisory_lock(2557850323860577200)[0m
  ↳ bin/rails:9
  [1m[35m (1.0ms)[0m  [1m[34mSELECT "schema_migrations"."version" FROM "schema_migrations" ORDER BY "schema_migrations"."version" ASC[0m
  ↳ bin/rails:9
Migrating to CreateUsers (20200319233109)
  [1m[35m (0.2ms)[0m  [1m[35mBEGIN[0m
  ↳ bin/rails:9
  [1m[35m (0.2ms)[0m  [1m[31mROLLBACK[0m
  ↳ bin/rails:9
  [1m[35m (0.4ms)[0m  [1m[34mSELECT pg_advisory_unlock(2557850323860577200)[0m
  ↳ bin/rails:9
  [1m[35m (0.3ms)[0m  [1m[34mSELECT pg_try_advisory_lock(2557850323860577200)[0m
  ↳ bin/rails:9
  [1m[35m (1.0ms)[0m  [1m[34mSELECT "schema_migrations"."version" FROM "schema_migrations" ORDER BY "schema_migrations"."version" ASC[0m
  ↳ bin/rails:9
Migrating to CreateUsers (20200319233109)
  [1m[35m (0.2ms)[0m  [1m[35mBEGIN[0m
  ↳ bin/rails:9
  [1m[35m (24.2ms)[0m  [1m[35mCREATE TABLE "users" ("id" bigserial primary key, "name" character varying NOT NULL, "email" character varying NOT NULL)[0m
  ↳ db/migrate/20200319233109_create_users.rb:3
  [1m[35m (6.7ms)[0m  [1m[31mROLLBACK[0m
  ↳ bin/rails:9
  [1m[35m (0.5ms)[0m  [1m[34mSELECT pg_advisory_unlock(2557850323860577200)[0m
  ↳ bin/rails:9
  [1m[35m (0.3ms)[0m  [1m[34mSELECT pg_try_advisory_lock(2557850323860577200)[0m
  ↳ bin/rails:9
  [1m[35m (1.0ms)[0m  [1m[34mSELECT "schema_migrations"."version" FROM "schema_migrations" ORDER BY "schema_migrations"."version" ASC[0m
  ↳ bin/rails:9
Migrating to CreateUsers (20200319233109)
  [1m[35m (2.3ms)[0m  [1m[35mBEGIN[0m
  ↳ bin/rails:9
  [1m[35m (9.4ms)[0m  [1m[35mCREATE TABLE "users" ("id" bigserial primary key, "name" character varying NOT NULL, "email" character varying NOT NULL)[0m
  ↳ db/migrate/20200319233109_create_users.rb:3
  [1m[36mActiveRecord::SchemaMigration Create (7.0ms)[0m  [1m[32mINSERT INTO "schema_migrations" ("version") VALUES ($1) RETURNING "version"[0m  [["version", "20200319233109"]]
  ↳ bin/rails:9
  [1m[35m (0.9ms)[0m  [1m[35mCOMMIT[0m
  ↳ bin/rails:9
  [1m[36mActiveRecord::InternalMetadata Load (1.4ms)[0m  [1m[34mSELECT  "ar_internal_metadata".* FROM "ar_internal_metadata" WHERE "ar_internal_metadata"."key" = $1 LIMIT $2[0m  [["key", "environment"], ["LIMIT", 1]]
  ↳ bin/rails:9
  [1m[35m (1.0ms)[0m  [1m[35mBEGIN[0m
  ↳ bin/rails:9
  [1m[36mActiveRecord::InternalMetadata Create (2.5ms)[0m  [1m[32mINSERT INTO "ar_internal_metadata" ("key", "value", "created_at", "updated_at") VALUES ($1, $2, $3, $4) RETURNING "key"[0m  [["key", "environment"], ["value", "development"], ["created_at", "2020-03-19 23:42:30.619669"], ["updated_at", "2020-03-19 23:42:30.619669"]]
  ↳ bin/rails:9
  [1m[35m (0.3ms)[0m  [1m[35mCOMMIT[0m
  ↳ bin/rails:9
  [1m[35m (0.3ms)[0m  [1m[34mSELECT pg_advisory_unlock(2557850323860577200)[0m
  ↳ bin/rails:9
  [1m[35m (0.6ms)[0m  [1m[34mSELECT "schema_migrations"."version" FROM "schema_migrations" ORDER BY "schema_migrations"."version" ASC[0m
  ↳ bin/rails:9
  [1m[35m (0.2ms)[0m  [1m[35mBEGIN[0m
  [1m[36mUser Create (4.2ms)[0m  [1m[32mINSERT INTO "users" ("name", "email") VALUES ($1, $2) RETURNING "id"[0m  [["name", "Tzvi"], ["email", "tzvi@lewis.org"]]
  [1m[35m (2.2ms)[0m  [1m[35mCOMMIT[0m
  [1m[35m (0.3ms)[0m  [1m[35mBEGIN[0m
  [1m[36mUser Create (0.5ms)[0m  [1m[32mINSERT INTO "users" ("name", "email") VALUES ($1, $2) RETURNING "id"[0m  [["name", "Grant"], ["email", "grant@thegrand.org"]]
  [1m[35m (0.6ms)[0m  [1m[35mCOMMIT[0m
  [1m[35m (0.7ms)[0m  [1m[35mBEGIN[0m
  [1m[36mUser Create (0.5ms)[0m  [1m[32mINSERT INTO "users" ("name", "email") VALUES ($1, $2) RETURNING "id"[0m  [["name", "Tzvi"], ["email", "tzvi@lewis.org"]]
  [1m[35m (1.0ms)[0m  [1m[35mCOMMIT[0m
  [1m[35m (0.2ms)[0m  [1m[35mBEGIN[0m
  [1m[36mUser Create (0.4ms)[0m  [1m[32mINSERT INTO "users" ("name", "email") VALUES ($1, $2) RETURNING "id"[0m  [["name", "Grant"], ["email", "grant@thegrand.org"]]
  [1m[35m (1.0ms)[0m  [1m[35mCOMMIT[0m
  [1m[35m (0.2ms)[0m  [1m[35mBEGIN[0m
  [1m[36mUser Create (0.8ms)[0m  [1m[32mINSERT INTO "users" ("name", "email") VALUES ($1, $2) RETURNING "id"[0m  [["name", "Pat"], ["email", "pat@tillman.org"]]
  [1m[35m (0.4ms)[0m  [1m[35mCOMMIT[0m
Started GET "/users/" for ::1 at 2020-03-19 16:54:36 -0700
  [1m[35m (1.9ms)[0m  [1m[34mSELECT "schema_migrations"."version" FROM "schema_migrations" ORDER BY "schema_migrations"."version" ASC[0m
  ↳ /Users/tzvilewis/.rbenv/versions/2.5.1/lib/ruby/gems/2.5.0/gems/activerecord-5.2.4.2/lib/active_record/log_subscriber.rb:98
Processing by UsersController#index as */*
  Parameters: {"YellowBrick"=>"Road", "Sunny"=>"Day"}
  Rendering text template
  Rendered text template (0.0ms)
Completed 200 OK in 15ms (Views: 9.3ms | ActiveRecord: 0.0ms)


Started GET "/users/" for ::1 at 2020-03-19 16:56:31 -0700
Processing by UsersController#index as */*
  Parameters: {"YellowBrick"=>"Road", "Sunny"=>"Day"}
  [1m[36mUser Load (22.3ms)[0m  [1m[34mSELECT "users".* FROM "users"[0m
  ↳ app/controllers/users_controller.rb:3
Completed 200 OK in 160ms (Views: 62.6ms | ActiveRecord: 49.3ms)


